1220: 933999n
1225: 60208367n
1229: 2300555n
1233: 643522n
1237: 2670981n
1241: 3942167n
1246: 60201608n
1250: 1786217n
1255: 60203809n
1259: 7092409n
1303: 1479078n
1307: 3876440n
1311: 1859534n
1315: 858666n
1319: 783741n
1323: 2268446n
1328: 60203059n
1333: 60208307n
1337: 740707n
1342: 58971595n
1346: 4220829n
1350: 1939268n
1355: 4620793n
1359: 716322n
[main 4114905] Hourly push - Tue 23 Feb 2021 02:03:02 PM EST
 9 files changed, 63 insertions(+), 3 deletions(-)
1403: 4003999n
1407: 4877783n
1411: 4077722n
1416: 60205379n
1420: 5281808n
1424: 733863n
1428: 4080421n
1432: 846289n
1437: 45999083n
1441: 2373691n
1446: 60218093n
1450: 1313708n
1455: 60201416n
1500: 60203553n
1504: 1822158n
1509: 60201301n
1513: 14080757n
1517: 2575924n
1521: 2130328n
1526: 58248681n
1530: 2155202n
1534: 2708661n
1538: 4118449n
1543: 60230524n
1547: 2766901n
1552: 60202913n
1556: 774253n
1600: 1397220n
1604: 1800944n
1609: 5500316n
1613: 642630n
1617: 7229678n
1621: 795830n
1625: 746420n
1629: 1668059n
1633: 650499n
1637: 783727n
1641: 694824n
1645: 747381n
1650: 45252998n
1654: 979628n
1658: 667929n
1703: 60202605n
1708: 60206168n
1712: 1022006n
1716: 702519n
1720: 549190n
1724: 1512341n
1728: 1006971n
1732: 1073789n
1736: 1937942n
1740: 2360716n
1744: 1019989n
1748: 1254775n
1752: 2959036n
1756: 8960134n
[main cd98a69] Hourly push - Tue 23 Feb 2021 06:00:28 PM EST
 8 files changed, 93 insertions(+)
 create mode 100644 17/ecies.idk.md
 create mode 100644 17/ecies.idk.total.md
 create mode 100644 17/elg.idk.md
 create mode 100644 17/elg.idk.total.md
1801: 60201757n
1805: 1784623n
1809: 647964n
1813: 2321364n
1817: 625526n
1821: 756675n
1825: 547392n
1830: 60205076n
1834: 2488226n
1838: 4162398n
1842: 1826776n
1846: 1630223n
1850: 972931n
1854: 1987089n
1900: 99818576n
1905: 60208188n
1910: 60201450n
1915: 60202844n
1919: 1473102n
1923: 967728n
1927: 1221830n
1931: 2521562n
1935: 1013783n
1939: 909809n
1943: 698912n
1947: 2290721n
1952: 60202221n
1957: 60202115n
[main f8fee1f] Hourly push - Tue 23 Feb 2021 08:01:46 PM EST
 8 files changed, 90 insertions(+)
 create mode 100644 19/ecies.idk.md
 create mode 100644 19/ecies.idk.total.md
 create mode 100644 19/elg.idk.md
 create mode 100644 19/elg.idk.total.md
2001: 2117918n
2005: 1293749n
2009: 645336n
2013: 1705479n
2017: 717754n
2021: 1318942n
2025: 1674349n
2030: 58146133n
2034: 535397n
2039: 2065916n
2043: 744954n
2047: 1003991n
2051: 605488n
2055: 2854246n
2059: 1170343n
2103: 1437823n
2107: 923769n
2112: 60201829n
2116: 1446549n
2120: 926374n
2124: 818137n
2128: 678962n
2132: 4328833n
2136: 1260029n
2141: 60208388n
2145: 866910n
2150: 60205023n
2154: 750594n
2158: 3296680n
[main 5def819] Hourly push - Tue 23 Feb 2021 10:02:25 PM EST
 8 files changed, 96 insertions(+)
 create mode 100644 21/ecies.idk.md
 create mode 100644 21/ecies.idk.total.md
 create mode 100644 21/elg.idk.md
 create mode 100644 21/elg.idk.total.md
2202: 2349811n
2206: 2170478n
2210: 564188n
2215: 60205129n
2219: 1859861n
2223: 6354195n
2227: 10762185n
2232: 60225402n
2237: 4912999n
2241: 4519231n
2245: 3990522n
2249: 1564057n
2253: 4171624n
2257: 878505n
