1220: 12818891n
1224: 1076490n
1228: 4774610n
1232: 4423924n
1236: 1147804n
1240: 832298n
1244: 3085599n
1248: 2358238n
1252: 1475427n
1256: 3462174n
[main 0ad03ff] Hourly push - Tue 23 Feb 2021 01:00:54 PM EST
 10 files changed, 101 insertions(+), 22 deletions(-)
 create mode 100755 Elgamal-vs-ECIES
 rewrite ecies.log.err (100%)
 rewrite elg.log.err (100%)
 create mode 100644 main.go
1301: 6971964n
1305: 1276191n
1311: 100903515n
1315: 1809390n
1319: 4727660n
1323: 3448735n
1327: 5567745n
1331: 1147557n
1335: 9700223n
1339: 3201637n
1343: 4451776n
1347: 1770156n
1351: 5861970n
1355: 1544298n
1359: 1065374n
